<?xml version="1.0" encoding="UTF-8"?>
<!-- Generated by org.testng.reporters.JUnitReportReporter -->
<testsuite hostname="Suvi-Azus-laptop" failures="0" tests="1" name="com.appium.training.demo.Demo3" time="21.772" errors="0" timestamp="2024-06-13T20:40:12 IST" skipped="0">
  <testcase classname="com.appium.training.demo.Demo3" name="f" time="21.772"/>
  <system-out/>
</testsuite> <!-- com.appium.training.demo.Demo3 -->
