<?xml version="1.0" encoding="UTF-8"?>
<!-- Generated by org.testng.reporters.JUnitReportReporter -->
<testsuite hostname="Suvi-Azus-laptop" failures="0" tests="1" name="com.appium.training.demo.Demo2" time="14.046" errors="0" timestamp="2024-06-13T19:59:00 IST" skipped="0">
  <testcase classname="com.appium.training.demo.Demo2" name="f" time="14.046"/>
  <system-out/>
</testsuite> <!-- com.appium.training.demo.Demo2 -->
