<?xml version="1.0" encoding="UTF-8"?>
<!-- Generated by org.testng.reporters.JUnitReportReporter -->
<testsuite hostname="Suvi-Azus-laptop" failures="0" tests="1" name="com.appium.training.demo.Demo1" time="15.798" errors="0" timestamp="2024-06-13T19:35:52 IST" skipped="0">
  <testcase classname="com.appium.training.demo.Demo1" name="f" time="15.798"/>
  <system-out/>
</testsuite> <!-- com.appium.training.demo.Demo1 -->
